<?xml version="1.0" encoding="UTF-8"?>
<!-- Generated by org.testng.reporters.JUnitReportReporter -->
<testsuite hostname="Mds-MacBook-Pro-2.local" failures="0" tests="5" name="Practice.FinanciacAutomation.FinancialAutomationn" time="56.580" errors="0" timestamp="12 Apr 2020 05:01:54 GMT" skipped="0">
  <testcase classname="Practice.FinanciacAutomation.FinancialAutomationn" name="login" time="7.209"/>
  <testcase classname="Practice.FinanciacAutomation.FinancialAutomationn" name="testcasenumber4" time="0.108"/>
  <testcase classname="Practice.FinanciacAutomation.FinancialAutomationn" name="cnnPages" time="42.140"/>
  <testcase classname="Practice.FinanciacAutomation.FinancialAutomationn" name="testcasenumber3" time="7.122"/>
  <testcase classname="Practice.FinanciacAutomation.FinancialAutomationn" name="testcasenumber5" time="0.001"/>
</testsuite> <!-- Practice.FinanciacAutomation.FinancialAutomationn -->
