<?xml version="1.0" encoding="UTF-8"?>
<!-- Generated by org.testng.reporters.JUnitReportReporter -->
<testsuite hostname="Mds-MacBook-Pro-2.local" failures="0" tests="10" name="Practice.FinanciacAutomation.FinancialAutomationn" time="55.616" errors="0" timestamp="12 Apr 2020 21:22:53 GMT" skipped="0">
  <testcase classname="Practice.FinanciacAutomation.FinancialAutomationn" name="testcasenumber4" time="0.062"/>
  <testcase classname="Practice.FinanciacAutomation.FinancialAutomationn" name="testcasenumber7" time="0.003"/>
  <testcase classname="Practice.FinanciacAutomation.FinancialAutomationn" name="testcasenumber5" time="0.001"/>
  <testcase classname="Practice.FinanciacAutomation.FinancialAutomationn" name="cnnPages" time="37.729"/>
  <testcase classname="Practice.FinanciacAutomation.FinancialAutomationn" name="login" time="11.115"/>
  <testcase classname="Practice.FinanciacAutomation.FinancialAutomationn" name="testcase6" time="0.001"/>
  <testcase classname="Practice.FinanciacAutomation.FinancialAutomationn" name="testcase9" time="0.001"/>
  <testcase classname="Practice.FinanciacAutomation.FinancialAutomationn" name="testcasenumber10" time="0.001"/>
  <testcase classname="Practice.FinanciacAutomation.FinancialAutomationn" name="testcasenumber3" time="6.702"/>
  <testcase classname="Practice.FinanciacAutomation.FinancialAutomationn" name="testcasenumber8" time="0.001"/>
</testsuite> <!-- Practice.FinanciacAutomation.FinancialAutomationn -->
